11:11:11 ENTER: queued interrupt msg='好', agent_running=True
11:11:11 interrupt fired: msg='好', children=0, parent._interrupt=True
13:05:53 ENTER: queued interrupt msg='https://geo-optimize-kctsts6h.manus.space 是集成到这里了吗', agent_running=True
13:05:53 interrupt fired: msg='https://geo-optimize-kctsts6h.manus.space 是集成到这里了吗', children=0, parent._interrupt=True
13:33:59 interrupt fired: msg='你给我一段基于刚刚系统的搭建需求的完整结构化描述', children=0, parent._interrupt=True
13:33:59 ENTER: queued interrupt msg='你给我一段基于刚刚系统的搭建需求的完整结构化描述', agent_running=True
13:39:31 ENTER: queued interrupt msg='因为我想把自己的个人品牌来作为一个案例来运维', agent_running=True
13:39:31 interrupt fired: msg='因为我想把自己的个人品牌来作为一个案例来运维', children=0, parent._interrupt=True
09:21:35 ENTER: queued interrupt msg="('/Users/xuan/Desktop/品牌的顶级能力——哲学\\\\ ·\\\\ 审美.html', [PosixPath", agent_running=True
09:21:35 interrupt fired: msg="('/Users/xuan/Desktop/品牌的顶级能力——哲学\\\\ ·\\\\ 审美.html', [PosixPath", children=0, parent._interrupt=True
09:44:55 interrupt fired: msg='为啥全屏是黑色的？排版看上去很美', children=0, parent._interrupt=True
09:44:55 ENTER: queued interrupt msg='为啥全屏是黑色的？排版看上去很美', agent_running=True
10:15:20 ENTER: queued interrupt msg='B', agent_running=True
10:15:20 interrupt fired: msg='B', children=0, parent._interrupt=True
20:38:05 ENTER: queued interrupt msg='https://github.com/ZeroxZhang/huashu-bookwritermd2book', agent_running=True
22:12:05 interrupt fired: msg='停', children=0, parent._interrupt=True
22:12:05 ENTER: queued interrupt msg='停', agent_running=True
09:57:29 interrupt fired: msg='cd path/to/superpowers', children=0, parent._interrupt=True
09:57:29 ENTER: queued interrupt msg='cd path/to/superpowers', agent_running=True
11:07:59 ENTER: queued interrupt msg='安装', agent_running=True
11:07:59 interrupt fired: msg='安装', children=0, parent._interrupt=True
11:43:53 ENTER: queued interrupt msg='帮我打开', agent_running=True
11:43:53 interrupt fired: msg='帮我打开', children=0, parent._interrupt=True
11:47:32 ENTER: queued interrupt msg='也没有真正用到我网站真实页面的样式，主品牌色也没有，你不要自己瞎编', agent_running=True
11:47:32 interrupt fired: msg='也没有真正用到我网站真实页面的样式，主品牌色也没有，你不要自己瞎编', children=0, parent._interrupt=True
12:36:33 interrupt fired: msg="参考视频'/Users/xuan/Downloads/Nano Banana Pro in Google Slides.", children=0, parent._interrupt=True
12:36:33 ENTER: queued interrupt msg="参考视频'/Users/xuan/Downloads/Nano Banana Pro in Google Slides.", agent_running=True
13:48:56 ENTER: queued interrupt msg='品牌 logo/Users/xuan/Downloads/showcase_void_tm.png', agent_running=True
13:48:56 interrupt fired: msg='品牌 logo/Users/xuan/Downloads/showcase_void_tm.png', children=0, parent._interrupt=True
15:39:43 ENTER: queued interrupt msg='是否增加了我录制的视频里面3D动态？/Users/xuan/Desktop/展示视频.mp4', agent_running=True
15:39:43 interrupt fired: msg='是否增加了我录制的视频里面3D动态？/Users/xuan/Desktop/展示视频.mp4', children=0, parent._interrupt=True
16:10:46 interrupt fired: msg='继续', children=0, parent._interrupt=True
16:10:46 ENTER: queued interrupt msg='继续', agent_running=True
16:40:48 interrupt fired: msg='继续，重新做一个真正对标的版本', children=0, parent._interrupt=True
16:40:48 ENTER: queued interrupt msg='继续，重新做一个真正对标的版本', agent_running=True
17:46:38 ENTER: queued interrupt msg='这张图本身上面就有红色的框，很难去除，我重新帮你截图？我希望利用动态3D视频更清晰的来展示', agent_running=True
17:46:38 interrupt fired: msg='这张图本身上面就有红色的框，很难去除，我重新帮你截图？我希望利用动态3D视频更清晰的来展示', children=0, parent._interrupt=True
